2018-07-27 12:05:29 [127.0.0.1][-][vl973ek4d90lbbihc352kbi7j4][error][yii\base\ViewNotFoundException] yii\base\ViewNotFoundException: The view file does not exist: C:\xampp\htdocs\delicious\frontend\web\views\site\index.php in C:\xampp\htdocs\delicious\vendor\yiisoft\yii2\base\View.php:233
Stack trace:
#0 C:\xampp\htdocs\delicious\vendor\yiisoft\yii2\base\View.php(156): yii\base\View->renderFile('C:\\xampp\\htdocs...', Array, Object(frontend\controllers\SiteController))
#1 C:\xampp\htdocs\delicious\vendor\yiisoft\yii2\base\Controller.php(384): yii\base\View->render('index', Array, Object(frontend\controllers\SiteController))
#2 C:\xampp\htdocs\delicious\frontend\controllers\SiteController.php(75): yii\base\Controller->render('index')
#3 [internal function]: frontend\controllers\SiteController->actionIndex()
#4 C:\xampp\htdocs\delicious\vendor\yiisoft\yii2\base\InlineAction.php(57): call_user_func_array(Array, Array)
#5 C:\xampp\htdocs\delicious\vendor\yiisoft\yii2\base\Controller.php(157): yii\base\InlineAction->runWithParams(Array)
#6 C:\xampp\htdocs\delicious\vendor\yiisoft\yii2\base\Module.php(528): yii\base\Controller->runAction('', Array)
#7 C:\xampp\htdocs\delicious\vendor\yiisoft\yii2\web\Application.php(103): yii\base\Module->runAction('', Array)
#8 C:\xampp\htdocs\delicious\vendor\yiisoft\yii2\base\Application.php(386): yii\web\Application->handleRequest(Object(yii\web\Request))
#9 C:\xampp\htdocs\delicious\frontend\web\index.php(17): yii\base\Application->run()
#10 {main}
2018-07-27 12:05:29 [127.0.0.1][-][vl973ek4d90lbbihc352kbi7j4][info][application] $_GET = []

$_POST = []

$_FILES = []

$_COOKIE = [
    'advanced-frontend' => 'vl973ek4d90lbbihc352kbi7j4'
    '_csrf-frontend' => '4f1478cf7a96fead45bb5d281bb5c5d08801cafffd81d7354a50eee761074b9da:2:{i:0;s:14:\"_csrf-frontend\";i:1;s:32:\"o5dhmNax-_o52rsA8ymr4jSaA25Ia250\";}'
]

$_SESSION = [
    '__flash' => []
    '__captcha/site/captcha' => 'bsxxju'
    '__captcha/site/captchacount' => 1
]

$_SERVER = [
    'REDIRECT_REDIRECT_MIBDIRS' => 'C:/xampp/php/extras/mibs'
    'REDIRECT_REDIRECT_MYSQL_HOME' => '\\xampp\\mysql\\bin'
    'REDIRECT_REDIRECT_OPENSSL_CONF' => 'C:/xampp/apache/bin/openssl.cnf'
    'REDIRECT_REDIRECT_PHP_PEAR_SYSCONF_DIR' => '\\xampp\\php'
    'REDIRECT_REDIRECT_PHPRC' => '\\xampp\\php'
    'REDIRECT_REDIRECT_TMP' => '\\xampp\\tmp'
    'REDIRECT_REDIRECT_STATUS' => '200'
    'REDIRECT_MIBDIRS' => 'C:/xampp/php/extras/mibs'
    'REDIRECT_MYSQL_HOME' => '\\xampp\\mysql\\bin'
    'REDIRECT_OPENSSL_CONF' => 'C:/xampp/apache/bin/openssl.cnf'
    'REDIRECT_PHP_PEAR_SYSCONF_DIR' => '\\xampp\\php'
    'REDIRECT_PHPRC' => '\\xampp\\php'
    'REDIRECT_TMP' => '\\xampp\\tmp'
    'REDIRECT_STATUS' => '200'
    'MIBDIRS' => 'C:/xampp/php/extras/mibs'
    'MYSQL_HOME' => '\\xampp\\mysql\\bin'
    'OPENSSL_CONF' => 'C:/xampp/apache/bin/openssl.cnf'
    'PHP_PEAR_SYSCONF_DIR' => '\\xampp\\php'
    'PHPRC' => '\\xampp\\php'
    'TMP' => '\\xampp\\tmp'
    'HTTP_HOST' => 'delicious'
    'HTTP_CONNECTION' => 'keep-alive'
    'HTTP_CACHE_CONTROL' => 'max-age=0'
    'HTTP_UPGRADE_INSECURE_REQUESTS' => '1'
    'HTTP_USER_AGENT' => 'Mozilla/5.0 (Windows NT 6.1) AppleWebKit/537.36 (KHTML, like Gecko) Chrome/67.0.3396.87 Safari/537.36 OPR/54.0.2952.60'
    'HTTP_ACCEPT' => 'text/html,application/xhtml+xml,application/xml;q=0.9,image/webp,image/apng,*/*;q=0.8'
    'HTTP_ACCEPT_ENCODING' => 'gzip, deflate'
    'HTTP_ACCEPT_LANGUAGE' => 'ru-RU,ru;q=0.9,en-US;q=0.8,en;q=0.7'
    'HTTP_COOKIE' => 'advanced-frontend=vl973ek4d90lbbihc352kbi7j4; _csrf-frontend=4f1478cf7a96fead45bb5d281bb5c5d08801cafffd81d7354a50eee761074b9da%3A2%3A%7Bi%3A0%3Bs%3A14%3A%22_csrf-frontend%22%3Bi%3A1%3Bs%3A32%3A%22o5dhmNax-_o52rsA8ymr4jSaA25Ia250%22%3B%7D'
    'PATH' => 'C:\\Program Files\\Common Files\\Oracle\\Java\\javapath;C:\\Program Files\\Intel\\iCLS Client\\;C:\\Program Files\\NVIDIA Corporation\\PhysX\\Common;C:\\Windows\\system32;C:\\Windows;C:\\Windows\\System32\\Wbem;C:\\Windows\\System32\\WindowsPowerShell\\v1.0\\;C:\\Program Files\\Intel\\Intel(R) Management Engine Components\\DAL;C:\\Program Files\\Intel\\Intel(R) Management Engine Components\\IPT;C:\\Program Files\\Common Files\\Acronis\\SnapAPI\\;C:\\Program Files\\GtkSharp\\2.12\\bin;C:\\Program Files\\Samsung\\Samsung PC Studio 3\\;C:\\Program Files\\Skype\\Phone\\;C:\\Program Files\\QuickTime\\QTSystem\\;C:\\xampp\\php;C:\\ProgramData\\ComposerSetup\\bin;C:\\Program Files\\Git\\cmd;C:\\Users\\Anonimus\\AppData\\Roaming\\Composer\\vendor\\bin'
    'SystemRoot' => 'C:\\Windows'
    'COMSPEC' => 'C:\\Windows\\system32\\cmd.exe'
    'PATHEXT' => '.COM;.EXE;.BAT;.CMD;.VBS;.VBE;.JS;.JSE;.WSF;.WSH;.MSC'
    'WINDIR' => 'C:\\Windows'
    'SERVER_SIGNATURE' => '<address>Apache/2.4.33 (Win32) OpenSSL/1.1.0g PHP/7.2.4 Server at delicious Port 80</address>
'
    'SERVER_SOFTWARE' => 'Apache/2.4.33 (Win32) OpenSSL/1.1.0g PHP/7.2.4'
    'SERVER_NAME' => 'delicious'
    'SERVER_ADDR' => '127.0.0.1'
    'SERVER_PORT' => '80'
    'REMOTE_ADDR' => '127.0.0.1'
    'DOCUMENT_ROOT' => 'C:/xampp/htdocs/delicious'
    'REQUEST_SCHEME' => 'http'
    'CONTEXT_PREFIX' => ''
    'CONTEXT_DOCUMENT_ROOT' => 'C:/xampp/htdocs/delicious'
    'SERVER_ADMIN' => 'lazylex@mail.ru'
    'SCRIPT_FILENAME' => 'C:/xampp/htdocs/delicious/frontend/web/index.php'
    'REMOTE_PORT' => '28707'
    'REDIRECT_URL' => '/frontend/web/add'
    'GATEWAY_INTERFACE' => 'CGI/1.1'
    'SERVER_PROTOCOL' => 'HTTP/1.1'
    'REQUEST_METHOD' => 'GET'
    'QUERY_STRING' => ''
    'REQUEST_URI' => '/add'
    'SCRIPT_NAME' => '/frontend/web/index.php'
    'PHP_SELF' => '/frontend/web/index.php'
    'REQUEST_TIME_FLOAT' => 1532685929.529
    'REQUEST_TIME' => 1532685929
]
2018-07-27 12:05:30 [127.0.0.1][-][vl973ek4d90lbbihc352kbi7j4][error][yii\base\ViewNotFoundException] yii\base\ViewNotFoundException: The view file does not exist: C:\xampp\htdocs\delicious\frontend\web\views\site\index.php in C:\xampp\htdocs\delicious\vendor\yiisoft\yii2\base\View.php:233
Stack trace:
#0 C:\xampp\htdocs\delicious\vendor\yiisoft\yii2\base\View.php(156): yii\base\View->renderFile('C:\\xampp\\htdocs...', Array, Object(frontend\controllers\SiteController))
#1 C:\xampp\htdocs\delicious\vendor\yiisoft\yii2\base\Controller.php(384): yii\base\View->render('index', Array, Object(frontend\controllers\SiteController))
#2 C:\xampp\htdocs\delicious\frontend\controllers\SiteController.php(75): yii\base\Controller->render('index')
#3 [internal function]: frontend\controllers\SiteController->actionIndex()
#4 C:\xampp\htdocs\delicious\vendor\yiisoft\yii2\base\InlineAction.php(57): call_user_func_array(Array, Array)
#5 C:\xampp\htdocs\delicious\vendor\yiisoft\yii2\base\Controller.php(157): yii\base\InlineAction->runWithParams(Array)
#6 C:\xampp\htdocs\delicious\vendor\yiisoft\yii2\base\Module.php(528): yii\base\Controller->runAction('', Array)
#7 C:\xampp\htdocs\delicious\vendor\yiisoft\yii2\web\Application.php(103): yii\base\Module->runAction('', Array)
#8 C:\xampp\htdocs\delicious\vendor\yiisoft\yii2\base\Application.php(386): yii\web\Application->handleRequest(Object(yii\web\Request))
#9 C:\xampp\htdocs\delicious\frontend\web\index.php(17): yii\base\Application->run()
#10 {main}
2018-07-27 12:05:30 [127.0.0.1][-][vl973ek4d90lbbihc352kbi7j4][info][application] $_GET = []

$_POST = []

$_FILES = []

$_COOKIE = [
    'advanced-frontend' => 'vl973ek4d90lbbihc352kbi7j4'
    '_csrf-frontend' => '4f1478cf7a96fead45bb5d281bb5c5d08801cafffd81d7354a50eee761074b9da:2:{i:0;s:14:\"_csrf-frontend\";i:1;s:32:\"o5dhmNax-_o52rsA8ymr4jSaA25Ia250\";}'
]

$_SESSION = [
    '__flash' => []
    '__captcha/site/captcha' => 'bsxxju'
    '__captcha/site/captchacount' => 1
]

$_SERVER = [
    'REDIRECT_REDIRECT_MIBDIRS' => 'C:/xampp/php/extras/mibs'
    'REDIRECT_REDIRECT_MYSQL_HOME' => '\\xampp\\mysql\\bin'
    'REDIRECT_REDIRECT_OPENSSL_CONF' => 'C:/xampp/apache/bin/openssl.cnf'
    'REDIRECT_REDIRECT_PHP_PEAR_SYSCONF_DIR' => '\\xampp\\php'
    'REDIRECT_REDIRECT_PHPRC' => '\\xampp\\php'
    'REDIRECT_REDIRECT_TMP' => '\\xampp\\tmp'
    'REDIRECT_REDIRECT_STATUS' => '200'
    'REDIRECT_MIBDIRS' => 'C:/xampp/php/extras/mibs'
    'REDIRECT_MYSQL_HOME' => '\\xampp\\mysql\\bin'
    'REDIRECT_OPENSSL_CONF' => 'C:/xampp/apache/bin/openssl.cnf'
    'REDIRECT_PHP_PEAR_SYSCONF_DIR' => '\\xampp\\php'
    'REDIRECT_PHPRC' => '\\xampp\\php'
    'REDIRECT_TMP' => '\\xampp\\tmp'
    'REDIRECT_STATUS' => '200'
    'MIBDIRS' => 'C:/xampp/php/extras/mibs'
    'MYSQL_HOME' => '\\xampp\\mysql\\bin'
    'OPENSSL_CONF' => 'C:/xampp/apache/bin/openssl.cnf'
    'PHP_PEAR_SYSCONF_DIR' => '\\xampp\\php'
    'PHPRC' => '\\xampp\\php'
    'TMP' => '\\xampp\\tmp'
    'HTTP_HOST' => 'delicious'
    'HTTP_CONNECTION' => 'keep-alive'
    'HTTP_CACHE_CONTROL' => 'max-age=0'
    'HTTP_UPGRADE_INSECURE_REQUESTS' => '1'
    'HTTP_USER_AGENT' => 'Mozilla/5.0 (Windows NT 6.1) AppleWebKit/537.36 (KHTML, like Gecko) Chrome/67.0.3396.87 Safari/537.36 OPR/54.0.2952.60'
    'HTTP_ACCEPT' => 'text/html,application/xhtml+xml,application/xml;q=0.9,image/webp,image/apng,*/*;q=0.8'
    'HTTP_ACCEPT_ENCODING' => 'gzip, deflate'
    'HTTP_ACCEPT_LANGUAGE' => 'ru-RU,ru;q=0.9,en-US;q=0.8,en;q=0.7'
    'HTTP_COOKIE' => 'advanced-frontend=vl973ek4d90lbbihc352kbi7j4; _csrf-frontend=4f1478cf7a96fead45bb5d281bb5c5d08801cafffd81d7354a50eee761074b9da%3A2%3A%7Bi%3A0%3Bs%3A14%3A%22_csrf-frontend%22%3Bi%3A1%3Bs%3A32%3A%22o5dhmNax-_o52rsA8ymr4jSaA25Ia250%22%3B%7D'
    'PATH' => 'C:\\Program Files\\Common Files\\Oracle\\Java\\javapath;C:\\Program Files\\Intel\\iCLS Client\\;C:\\Program Files\\NVIDIA Corporation\\PhysX\\Common;C:\\Windows\\system32;C:\\Windows;C:\\Windows\\System32\\Wbem;C:\\Windows\\System32\\WindowsPowerShell\\v1.0\\;C:\\Program Files\\Intel\\Intel(R) Management Engine Components\\DAL;C:\\Program Files\\Intel\\Intel(R) Management Engine Components\\IPT;C:\\Program Files\\Common Files\\Acronis\\SnapAPI\\;C:\\Program Files\\GtkSharp\\2.12\\bin;C:\\Program Files\\Samsung\\Samsung PC Studio 3\\;C:\\Program Files\\Skype\\Phone\\;C:\\Program Files\\QuickTime\\QTSystem\\;C:\\xampp\\php;C:\\ProgramData\\ComposerSetup\\bin;C:\\Program Files\\Git\\cmd;C:\\Users\\Anonimus\\AppData\\Roaming\\Composer\\vendor\\bin'
    'SystemRoot' => 'C:\\Windows'
    'COMSPEC' => 'C:\\Windows\\system32\\cmd.exe'
    'PATHEXT' => '.COM;.EXE;.BAT;.CMD;.VBS;.VBE;.JS;.JSE;.WSF;.WSH;.MSC'
    'WINDIR' => 'C:\\Windows'
    'SERVER_SIGNATURE' => '<address>Apache/2.4.33 (Win32) OpenSSL/1.1.0g PHP/7.2.4 Server at delicious Port 80</address>
'
    'SERVER_SOFTWARE' => 'Apache/2.4.33 (Win32) OpenSSL/1.1.0g PHP/7.2.4'
    'SERVER_NAME' => 'delicious'
    'SERVER_ADDR' => '127.0.0.1'
    'SERVER_PORT' => '80'
    'REMOTE_ADDR' => '127.0.0.1'
    'DOCUMENT_ROOT' => 'C:/xampp/htdocs/delicious'
    'REQUEST_SCHEME' => 'http'
    'CONTEXT_PREFIX' => ''
    'CONTEXT_DOCUMENT_ROOT' => 'C:/xampp/htdocs/delicious'
    'SERVER_ADMIN' => 'lazylex@mail.ru'
    'SCRIPT_FILENAME' => 'C:/xampp/htdocs/delicious/frontend/web/index.php'
    'REMOTE_PORT' => '28708'
    'REDIRECT_URL' => '/frontend/web/add'
    'GATEWAY_INTERFACE' => 'CGI/1.1'
    'SERVER_PROTOCOL' => 'HTTP/1.1'
    'REQUEST_METHOD' => 'GET'
    'QUERY_STRING' => ''
    'REQUEST_URI' => '/add'
    'SCRIPT_NAME' => '/frontend/web/index.php'
    'PHP_SELF' => '/frontend/web/index.php'
    'REQUEST_TIME_FLOAT' => 1532685930.807
    'REQUEST_TIME' => 1532685930
]
2018-07-27 12:05:38 [127.0.0.1][-][vl973ek4d90lbbihc352kbi7j4][error][yii\base\ViewNotFoundException] yii\base\ViewNotFoundException: The view file does not exist: C:\xampp\htdocs\delicious\frontend\web\views\site\index.php in C:\xampp\htdocs\delicious\vendor\yiisoft\yii2\base\View.php:233
Stack trace:
#0 C:\xampp\htdocs\delicious\vendor\yiisoft\yii2\base\View.php(156): yii\base\View->renderFile('C:\\xampp\\htdocs...', Array, Object(frontend\controllers\SiteController))
#1 C:\xampp\htdocs\delicious\vendor\yiisoft\yii2\base\Controller.php(384): yii\base\View->render('index', Array, Object(frontend\controllers\SiteController))
#2 C:\xampp\htdocs\delicious\frontend\controllers\SiteController.php(75): yii\base\Controller->render('index')
#3 [internal function]: frontend\controllers\SiteController->actionIndex()
#4 C:\xampp\htdocs\delicious\vendor\yiisoft\yii2\base\InlineAction.php(57): call_user_func_array(Array, Array)
#5 C:\xampp\htdocs\delicious\vendor\yiisoft\yii2\base\Controller.php(157): yii\base\InlineAction->runWithParams(Array)
#6 C:\xampp\htdocs\delicious\vendor\yiisoft\yii2\base\Module.php(528): yii\base\Controller->runAction('', Array)
#7 C:\xampp\htdocs\delicious\vendor\yiisoft\yii2\web\Application.php(103): yii\base\Module->runAction('', Array)
#8 C:\xampp\htdocs\delicious\vendor\yiisoft\yii2\base\Application.php(386): yii\web\Application->handleRequest(Object(yii\web\Request))
#9 C:\xampp\htdocs\delicious\frontend\web\index.php(17): yii\base\Application->run()
#10 {main}
2018-07-27 12:05:38 [127.0.0.1][-][vl973ek4d90lbbihc352kbi7j4][info][application] $_GET = []

$_POST = []

$_FILES = []

$_COOKIE = [
    'advanced-frontend' => 'vl973ek4d90lbbihc352kbi7j4'
    '_csrf-frontend' => '4f1478cf7a96fead45bb5d281bb5c5d08801cafffd81d7354a50eee761074b9da:2:{i:0;s:14:\"_csrf-frontend\";i:1;s:32:\"o5dhmNax-_o52rsA8ymr4jSaA25Ia250\";}'
]

$_SESSION = [
    '__flash' => []
    '__captcha/site/captcha' => 'bsxxju'
    '__captcha/site/captchacount' => 1
]

$_SERVER = [
    'REDIRECT_REDIRECT_MIBDIRS' => 'C:/xampp/php/extras/mibs'
    'REDIRECT_REDIRECT_MYSQL_HOME' => '\\xampp\\mysql\\bin'
    'REDIRECT_REDIRECT_OPENSSL_CONF' => 'C:/xampp/apache/bin/openssl.cnf'
    'REDIRECT_REDIRECT_PHP_PEAR_SYSCONF_DIR' => '\\xampp\\php'
    'REDIRECT_REDIRECT_PHPRC' => '\\xampp\\php'
    'REDIRECT_REDIRECT_TMP' => '\\xampp\\tmp'
    'REDIRECT_REDIRECT_STATUS' => '200'
    'REDIRECT_MIBDIRS' => 'C:/xampp/php/extras/mibs'
    'REDIRECT_MYSQL_HOME' => '\\xampp\\mysql\\bin'
    'REDIRECT_OPENSSL_CONF' => 'C:/xampp/apache/bin/openssl.cnf'
    'REDIRECT_PHP_PEAR_SYSCONF_DIR' => '\\xampp\\php'
    'REDIRECT_PHPRC' => '\\xampp\\php'
    'REDIRECT_TMP' => '\\xampp\\tmp'
    'REDIRECT_STATUS' => '200'
    'MIBDIRS' => 'C:/xampp/php/extras/mibs'
    'MYSQL_HOME' => '\\xampp\\mysql\\bin'
    'OPENSSL_CONF' => 'C:/xampp/apache/bin/openssl.cnf'
    'PHP_PEAR_SYSCONF_DIR' => '\\xampp\\php'
    'PHPRC' => '\\xampp\\php'
    'TMP' => '\\xampp\\tmp'
    'HTTP_HOST' => 'delicious'
    'HTTP_CONNECTION' => 'keep-alive'
    'HTTP_CACHE_CONTROL' => 'max-age=0'
    'HTTP_UPGRADE_INSECURE_REQUESTS' => '1'
    'HTTP_USER_AGENT' => 'Mozilla/5.0 (Windows NT 6.1) AppleWebKit/537.36 (KHTML, like Gecko) Chrome/67.0.3396.87 Safari/537.36 OPR/54.0.2952.60'
    'HTTP_ACCEPT' => 'text/html,application/xhtml+xml,application/xml;q=0.9,image/webp,image/apng,*/*;q=0.8'
    'HTTP_ACCEPT_ENCODING' => 'gzip, deflate'
    'HTTP_ACCEPT_LANGUAGE' => 'ru-RU,ru;q=0.9,en-US;q=0.8,en;q=0.7'
    'HTTP_COOKIE' => 'advanced-frontend=vl973ek4d90lbbihc352kbi7j4; _csrf-frontend=4f1478cf7a96fead45bb5d281bb5c5d08801cafffd81d7354a50eee761074b9da%3A2%3A%7Bi%3A0%3Bs%3A14%3A%22_csrf-frontend%22%3Bi%3A1%3Bs%3A32%3A%22o5dhmNax-_o52rsA8ymr4jSaA25Ia250%22%3B%7D'
    'PATH' => 'C:\\Program Files\\Common Files\\Oracle\\Java\\javapath;C:\\Program Files\\Intel\\iCLS Client\\;C:\\Program Files\\NVIDIA Corporation\\PhysX\\Common;C:\\Windows\\system32;C:\\Windows;C:\\Windows\\System32\\Wbem;C:\\Windows\\System32\\WindowsPowerShell\\v1.0\\;C:\\Program Files\\Intel\\Intel(R) Management Engine Components\\DAL;C:\\Program Files\\Intel\\Intel(R) Management Engine Components\\IPT;C:\\Program Files\\Common Files\\Acronis\\SnapAPI\\;C:\\Program Files\\GtkSharp\\2.12\\bin;C:\\Program Files\\Samsung\\Samsung PC Studio 3\\;C:\\Program Files\\Skype\\Phone\\;C:\\Program Files\\QuickTime\\QTSystem\\;C:\\xampp\\php;C:\\ProgramData\\ComposerSetup\\bin;C:\\Program Files\\Git\\cmd;C:\\Users\\Anonimus\\AppData\\Roaming\\Composer\\vendor\\bin'
    'SystemRoot' => 'C:\\Windows'
    'COMSPEC' => 'C:\\Windows\\system32\\cmd.exe'
    'PATHEXT' => '.COM;.EXE;.BAT;.CMD;.VBS;.VBE;.JS;.JSE;.WSF;.WSH;.MSC'
    'WINDIR' => 'C:\\Windows'
    'SERVER_SIGNATURE' => '<address>Apache/2.4.33 (Win32) OpenSSL/1.1.0g PHP/7.2.4 Server at delicious Port 80</address>
'
    'SERVER_SOFTWARE' => 'Apache/2.4.33 (Win32) OpenSSL/1.1.0g PHP/7.2.4'
    'SERVER_NAME' => 'delicious'
    'SERVER_ADDR' => '127.0.0.1'
    'SERVER_PORT' => '80'
    'REMOTE_ADDR' => '127.0.0.1'
    'DOCUMENT_ROOT' => 'C:/xampp/htdocs/delicious'
    'REQUEST_SCHEME' => 'http'
    'CONTEXT_PREFIX' => ''
    'CONTEXT_DOCUMENT_ROOT' => 'C:/xampp/htdocs/delicious'
    'SERVER_ADMIN' => 'lazylex@mail.ru'
    'SCRIPT_FILENAME' => 'C:/xampp/htdocs/delicious/frontend/web/index.php'
    'REMOTE_PORT' => '28712'
    'REDIRECT_URL' => '/frontend/web/add'
    'GATEWAY_INTERFACE' => 'CGI/1.1'
    'SERVER_PROTOCOL' => 'HTTP/1.1'
    'REQUEST_METHOD' => 'GET'
    'QUERY_STRING' => ''
    'REQUEST_URI' => '/add'
    'SCRIPT_NAME' => '/frontend/web/index.php'
    'PHP_SELF' => '/frontend/web/index.php'
    'REQUEST_TIME_FLOAT' => 1532685938.705
    'REQUEST_TIME' => 1532685938
]
2018-07-27 12:05:39 [127.0.0.1][-][vl973ek4d90lbbihc352kbi7j4][error][yii\base\ViewNotFoundException] yii\base\ViewNotFoundException: The view file does not exist: C:\xampp\htdocs\delicious\frontend\web\views\site\index.php in C:\xampp\htdocs\delicious\vendor\yiisoft\yii2\base\View.php:233
Stack trace:
#0 C:\xampp\htdocs\delicious\vendor\yiisoft\yii2\base\View.php(156): yii\base\View->renderFile('C:\\xampp\\htdocs...', Array, Object(frontend\controllers\SiteController))
#1 C:\xampp\htdocs\delicious\vendor\yiisoft\yii2\base\Controller.php(384): yii\base\View->render('index', Array, Object(frontend\controllers\SiteController))
#2 C:\xampp\htdocs\delicious\frontend\controllers\SiteController.php(75): yii\base\Controller->render('index')
#3 [internal function]: frontend\controllers\SiteController->actionIndex()
#4 C:\xampp\htdocs\delicious\vendor\yiisoft\yii2\base\InlineAction.php(57): call_user_func_array(Array, Array)
#5 C:\xampp\htdocs\delicious\vendor\yiisoft\yii2\base\Controller.php(157): yii\base\InlineAction->runWithParams(Array)
#6 C:\xampp\htdocs\delicious\vendor\yiisoft\yii2\base\Module.php(528): yii\base\Controller->runAction('', Array)
#7 C:\xampp\htdocs\delicious\vendor\yiisoft\yii2\web\Application.php(103): yii\base\Module->runAction('', Array)
#8 C:\xampp\htdocs\delicious\vendor\yiisoft\yii2\base\Application.php(386): yii\web\Application->handleRequest(Object(yii\web\Request))
#9 C:\xampp\htdocs\delicious\frontend\web\index.php(17): yii\base\Application->run()
#10 {main}
2018-07-27 12:05:39 [127.0.0.1][-][vl973ek4d90lbbihc352kbi7j4][info][application] $_GET = []

$_POST = []

$_FILES = []

$_COOKIE = [
    'advanced-frontend' => 'vl973ek4d90lbbihc352kbi7j4'
    '_csrf-frontend' => '4f1478cf7a96fead45bb5d281bb5c5d08801cafffd81d7354a50eee761074b9da:2:{i:0;s:14:\"_csrf-frontend\";i:1;s:32:\"o5dhmNax-_o52rsA8ymr4jSaA25Ia250\";}'
]

$_SESSION = [
    '__flash' => []
    '__captcha/site/captcha' => 'bsxxju'
    '__captcha/site/captchacount' => 1
]

$_SERVER = [
    'REDIRECT_REDIRECT_MIBDIRS' => 'C:/xampp/php/extras/mibs'
    'REDIRECT_REDIRECT_MYSQL_HOME' => '\\xampp\\mysql\\bin'
    'REDIRECT_REDIRECT_OPENSSL_CONF' => 'C:/xampp/apache/bin/openssl.cnf'
    'REDIRECT_REDIRECT_PHP_PEAR_SYSCONF_DIR' => '\\xampp\\php'
    'REDIRECT_REDIRECT_PHPRC' => '\\xampp\\php'
    'REDIRECT_REDIRECT_TMP' => '\\xampp\\tmp'
    'REDIRECT_REDIRECT_STATUS' => '200'
    'REDIRECT_MIBDIRS' => 'C:/xampp/php/extras/mibs'
    'REDIRECT_MYSQL_HOME' => '\\xampp\\mysql\\bin'
    'REDIRECT_OPENSSL_CONF' => 'C:/xampp/apache/bin/openssl.cnf'
    'REDIRECT_PHP_PEAR_SYSCONF_DIR' => '\\xampp\\php'
    'REDIRECT_PHPRC' => '\\xampp\\php'
    'REDIRECT_TMP' => '\\xampp\\tmp'
    'REDIRECT_STATUS' => '200'
    'MIBDIRS' => 'C:/xampp/php/extras/mibs'
    'MYSQL_HOME' => '\\xampp\\mysql\\bin'
    'OPENSSL_CONF' => 'C:/xampp/apache/bin/openssl.cnf'
    'PHP_PEAR_SYSCONF_DIR' => '\\xampp\\php'
    'PHPRC' => '\\xampp\\php'
    'TMP' => '\\xampp\\tmp'
    'HTTP_HOST' => 'delicious'
    'HTTP_CONNECTION' => 'keep-alive'
    'HTTP_CACHE_CONTROL' => 'max-age=0'
    'HTTP_UPGRADE_INSECURE_REQUESTS' => '1'
    'HTTP_USER_AGENT' => 'Mozilla/5.0 (Windows NT 6.1) AppleWebKit/537.36 (KHTML, like Gecko) Chrome/67.0.3396.87 Safari/537.36 OPR/54.0.2952.60'
    'HTTP_ACCEPT' => 'text/html,application/xhtml+xml,application/xml;q=0.9,image/webp,image/apng,*/*;q=0.8'
    'HTTP_ACCEPT_ENCODING' => 'gzip, deflate'
    'HTTP_ACCEPT_LANGUAGE' => 'ru-RU,ru;q=0.9,en-US;q=0.8,en;q=0.7'
    'HTTP_COOKIE' => 'advanced-frontend=vl973ek4d90lbbihc352kbi7j4; _csrf-frontend=4f1478cf7a96fead45bb5d281bb5c5d08801cafffd81d7354a50eee761074b9da%3A2%3A%7Bi%3A0%3Bs%3A14%3A%22_csrf-frontend%22%3Bi%3A1%3Bs%3A32%3A%22o5dhmNax-_o52rsA8ymr4jSaA25Ia250%22%3B%7D'
    'PATH' => 'C:\\Program Files\\Common Files\\Oracle\\Java\\javapath;C:\\Program Files\\Intel\\iCLS Client\\;C:\\Program Files\\NVIDIA Corporation\\PhysX\\Common;C:\\Windows\\system32;C:\\Windows;C:\\Windows\\System32\\Wbem;C:\\Windows\\System32\\WindowsPowerShell\\v1.0\\;C:\\Program Files\\Intel\\Intel(R) Management Engine Components\\DAL;C:\\Program Files\\Intel\\Intel(R) Management Engine Components\\IPT;C:\\Program Files\\Common Files\\Acronis\\SnapAPI\\;C:\\Program Files\\GtkSharp\\2.12\\bin;C:\\Program Files\\Samsung\\Samsung PC Studio 3\\;C:\\Program Files\\Skype\\Phone\\;C:\\Program Files\\QuickTime\\QTSystem\\;C:\\xampp\\php;C:\\ProgramData\\ComposerSetup\\bin;C:\\Program Files\\Git\\cmd;C:\\Users\\Anonimus\\AppData\\Roaming\\Composer\\vendor\\bin'
    'SystemRoot' => 'C:\\Windows'
    'COMSPEC' => 'C:\\Windows\\system32\\cmd.exe'
    'PATHEXT' => '.COM;.EXE;.BAT;.CMD;.VBS;.VBE;.JS;.JSE;.WSF;.WSH;.MSC'
    'WINDIR' => 'C:\\Windows'
    'SERVER_SIGNATURE' => '<address>Apache/2.4.33 (Win32) OpenSSL/1.1.0g PHP/7.2.4 Server at delicious Port 80</address>
'
    'SERVER_SOFTWARE' => 'Apache/2.4.33 (Win32) OpenSSL/1.1.0g PHP/7.2.4'
    'SERVER_NAME' => 'delicious'
    'SERVER_ADDR' => '127.0.0.1'
    'SERVER_PORT' => '80'
    'REMOTE_ADDR' => '127.0.0.1'
    'DOCUMENT_ROOT' => 'C:/xampp/htdocs/delicious'
    'REQUEST_SCHEME' => 'http'
    'CONTEXT_PREFIX' => ''
    'CONTEXT_DOCUMENT_ROOT' => 'C:/xampp/htdocs/delicious'
    'SERVER_ADMIN' => 'lazylex@mail.ru'
    'SCRIPT_FILENAME' => 'C:/xampp/htdocs/delicious/frontend/web/index.php'
    'REMOTE_PORT' => '28713'
    'REDIRECT_URL' => '/frontend/web/add'
    'GATEWAY_INTERFACE' => 'CGI/1.1'
    'SERVER_PROTOCOL' => 'HTTP/1.1'
    'REQUEST_METHOD' => 'GET'
    'QUERY_STRING' => ''
    'REQUEST_URI' => '/add'
    'SCRIPT_NAME' => '/frontend/web/index.php'
    'PHP_SELF' => '/frontend/web/index.php'
    'REQUEST_TIME_FLOAT' => 1532685939.344
    'REQUEST_TIME' => 1532685939
]
2018-07-27 12:05:55 [127.0.0.1][-][vl973ek4d90lbbihc352kbi7j4][error][yii\base\ViewNotFoundException] yii\base\ViewNotFoundException: The view file does not exist: C:\xampp\htdocs\delicious\frontend\web\views\site\index.php in C:\xampp\htdocs\delicious\vendor\yiisoft\yii2\base\View.php:233
Stack trace:
#0 C:\xampp\htdocs\delicious\vendor\yiisoft\yii2\base\View.php(156): yii\base\View->renderFile('C:\\xampp\\htdocs...', Array, Object(frontend\controllers\SiteController))
#1 C:\xampp\htdocs\delicious\vendor\yiisoft\yii2\base\Controller.php(384): yii\base\View->render('index', Array, Object(frontend\controllers\SiteController))
#2 C:\xampp\htdocs\delicious\frontend\controllers\SiteController.php(75): yii\base\Controller->render('index')
#3 [internal function]: frontend\controllers\SiteController->actionIndex()
#4 C:\xampp\htdocs\delicious\vendor\yiisoft\yii2\base\InlineAction.php(57): call_user_func_array(Array, Array)
#5 C:\xampp\htdocs\delicious\vendor\yiisoft\yii2\base\Controller.php(157): yii\base\InlineAction->runWithParams(Array)
#6 C:\xampp\htdocs\delicious\vendor\yiisoft\yii2\base\Module.php(528): yii\base\Controller->runAction('', Array)
#7 C:\xampp\htdocs\delicious\vendor\yiisoft\yii2\web\Application.php(103): yii\base\Module->runAction('', Array)
#8 C:\xampp\htdocs\delicious\vendor\yiisoft\yii2\base\Application.php(386): yii\web\Application->handleRequest(Object(yii\web\Request))
#9 C:\xampp\htdocs\delicious\frontend\web\index.php(17): yii\base\Application->run()
#10 {main}
2018-07-27 12:05:55 [127.0.0.1][-][vl973ek4d90lbbihc352kbi7j4][info][application] $_GET = []

$_POST = []

$_FILES = []

$_COOKIE = [
    'advanced-frontend' => 'vl973ek4d90lbbihc352kbi7j4'
    '_csrf-frontend' => '4f1478cf7a96fead45bb5d281bb5c5d08801cafffd81d7354a50eee761074b9da:2:{i:0;s:14:\"_csrf-frontend\";i:1;s:32:\"o5dhmNax-_o52rsA8ymr4jSaA25Ia250\";}'
]

$_SESSION = [
    '__flash' => []
    '__captcha/site/captcha' => 'bsxxju'
    '__captcha/site/captchacount' => 1
]

$_SERVER = [
    'REDIRECT_REDIRECT_MIBDIRS' => 'C:/xampp/php/extras/mibs'
    'REDIRECT_REDIRECT_MYSQL_HOME' => '\\xampp\\mysql\\bin'
    'REDIRECT_REDIRECT_OPENSSL_CONF' => 'C:/xampp/apache/bin/openssl.cnf'
    'REDIRECT_REDIRECT_PHP_PEAR_SYSCONF_DIR' => '\\xampp\\php'
    'REDIRECT_REDIRECT_PHPRC' => '\\xampp\\php'
    'REDIRECT_REDIRECT_TMP' => '\\xampp\\tmp'
    'REDIRECT_REDIRECT_STATUS' => '200'
    'REDIRECT_MIBDIRS' => 'C:/xampp/php/extras/mibs'
    'REDIRECT_MYSQL_HOME' => '\\xampp\\mysql\\bin'
    'REDIRECT_OPENSSL_CONF' => 'C:/xampp/apache/bin/openssl.cnf'
    'REDIRECT_PHP_PEAR_SYSCONF_DIR' => '\\xampp\\php'
    'REDIRECT_PHPRC' => '\\xampp\\php'
    'REDIRECT_TMP' => '\\xampp\\tmp'
    'REDIRECT_STATUS' => '200'
    'MIBDIRS' => 'C:/xampp/php/extras/mibs'
    'MYSQL_HOME' => '\\xampp\\mysql\\bin'
    'OPENSSL_CONF' => 'C:/xampp/apache/bin/openssl.cnf'
    'PHP_PEAR_SYSCONF_DIR' => '\\xampp\\php'
    'PHPRC' => '\\xampp\\php'
    'TMP' => '\\xampp\\tmp'
    'HTTP_HOST' => 'delicious'
    'HTTP_CONNECTION' => 'keep-alive'
    'HTTP_CACHE_CONTROL' => 'max-age=0'
    'HTTP_UPGRADE_INSECURE_REQUESTS' => '1'
    'HTTP_USER_AGENT' => 'Mozilla/5.0 (Windows NT 6.1) AppleWebKit/537.36 (KHTML, like Gecko) Chrome/67.0.3396.87 Safari/537.36 OPR/54.0.2952.60'
    'HTTP_ACCEPT' => 'text/html,application/xhtml+xml,application/xml;q=0.9,image/webp,image/apng,*/*;q=0.8'
    'HTTP_ACCEPT_ENCODING' => 'gzip, deflate'
    'HTTP_ACCEPT_LANGUAGE' => 'ru-RU,ru;q=0.9,en-US;q=0.8,en;q=0.7'
    'HTTP_COOKIE' => 'advanced-frontend=vl973ek4d90lbbihc352kbi7j4; _csrf-frontend=4f1478cf7a96fead45bb5d281bb5c5d08801cafffd81d7354a50eee761074b9da%3A2%3A%7Bi%3A0%3Bs%3A14%3A%22_csrf-frontend%22%3Bi%3A1%3Bs%3A32%3A%22o5dhmNax-_o52rsA8ymr4jSaA25Ia250%22%3B%7D'
    'PATH' => 'C:\\Program Files\\Common Files\\Oracle\\Java\\javapath;C:\\Program Files\\Intel\\iCLS Client\\;C:\\Program Files\\NVIDIA Corporation\\PhysX\\Common;C:\\Windows\\system32;C:\\Windows;C:\\Windows\\System32\\Wbem;C:\\Windows\\System32\\WindowsPowerShell\\v1.0\\;C:\\Program Files\\Intel\\Intel(R) Management Engine Components\\DAL;C:\\Program Files\\Intel\\Intel(R) Management Engine Components\\IPT;C:\\Program Files\\Common Files\\Acronis\\SnapAPI\\;C:\\Program Files\\GtkSharp\\2.12\\bin;C:\\Program Files\\Samsung\\Samsung PC Studio 3\\;C:\\Program Files\\Skype\\Phone\\;C:\\Program Files\\QuickTime\\QTSystem\\;C:\\xampp\\php;C:\\ProgramData\\ComposerSetup\\bin;C:\\Program Files\\Git\\cmd;C:\\Users\\Anonimus\\AppData\\Roaming\\Composer\\vendor\\bin'
    'SystemRoot' => 'C:\\Windows'
    'COMSPEC' => 'C:\\Windows\\system32\\cmd.exe'
    'PATHEXT' => '.COM;.EXE;.BAT;.CMD;.VBS;.VBE;.JS;.JSE;.WSF;.WSH;.MSC'
    'WINDIR' => 'C:\\Windows'
    'SERVER_SIGNATURE' => '<address>Apache/2.4.33 (Win32) OpenSSL/1.1.0g PHP/7.2.4 Server at delicious Port 80</address>
'
    'SERVER_SOFTWARE' => 'Apache/2.4.33 (Win32) OpenSSL/1.1.0g PHP/7.2.4'
    'SERVER_NAME' => 'delicious'
    'SERVER_ADDR' => '127.0.0.1'
    'SERVER_PORT' => '80'
    'REMOTE_ADDR' => '127.0.0.1'
    'DOCUMENT_ROOT' => 'C:/xampp/htdocs/delicious'
    'REQUEST_SCHEME' => 'http'
    'CONTEXT_PREFIX' => ''
    'CONTEXT_DOCUMENT_ROOT' => 'C:/xampp/htdocs/delicious'
    'SERVER_ADMIN' => 'lazylex@mail.ru'
    'SCRIPT_FILENAME' => 'C:/xampp/htdocs/delicious/frontend/web/index.php'
    'REMOTE_PORT' => '28717'
    'REDIRECT_URL' => '/frontend/web/add'
    'GATEWAY_INTERFACE' => 'CGI/1.1'
    'SERVER_PROTOCOL' => 'HTTP/1.1'
    'REQUEST_METHOD' => 'GET'
    'QUERY_STRING' => ''
    'REQUEST_URI' => '/add'
    'SCRIPT_NAME' => '/frontend/web/index.php'
    'PHP_SELF' => '/frontend/web/index.php'
    'REQUEST_TIME_FLOAT' => 1532685955.579
    'REQUEST_TIME' => 1532685955
]
2018-07-27 12:05:56 [127.0.0.1][-][vl973ek4d90lbbihc352kbi7j4][error][yii\base\ViewNotFoundException] yii\base\ViewNotFoundException: The view file does not exist: C:\xampp\htdocs\delicious\frontend\web\views\site\index.php in C:\xampp\htdocs\delicious\vendor\yiisoft\yii2\base\View.php:233
Stack trace:
#0 C:\xampp\htdocs\delicious\vendor\yiisoft\yii2\base\View.php(156): yii\base\View->renderFile('C:\\xampp\\htdocs...', Array, Object(frontend\controllers\SiteController))
#1 C:\xampp\htdocs\delicious\vendor\yiisoft\yii2\base\Controller.php(384): yii\base\View->render('index', Array, Object(frontend\controllers\SiteController))
#2 C:\xampp\htdocs\delicious\frontend\controllers\SiteController.php(75): yii\base\Controller->render('index')
#3 [internal function]: frontend\controllers\SiteController->actionIndex()
#4 C:\xampp\htdocs\delicious\vendor\yiisoft\yii2\base\InlineAction.php(57): call_user_func_array(Array, Array)
#5 C:\xampp\htdocs\delicious\vendor\yiisoft\yii2\base\Controller.php(157): yii\base\InlineAction->runWithParams(Array)
#6 C:\xampp\htdocs\delicious\vendor\yiisoft\yii2\base\Module.php(528): yii\base\Controller->runAction('', Array)
#7 C:\xampp\htdocs\delicious\vendor\yiisoft\yii2\web\Application.php(103): yii\base\Module->runAction('', Array)
#8 C:\xampp\htdocs\delicious\vendor\yiisoft\yii2\base\Application.php(386): yii\web\Application->handleRequest(Object(yii\web\Request))
#9 C:\xampp\htdocs\delicious\frontend\web\index.php(17): yii\base\Application->run()
#10 {main}
2018-07-27 12:05:56 [127.0.0.1][-][vl973ek4d90lbbihc352kbi7j4][info][application] $_GET = []

$_POST = []

$_FILES = []

$_COOKIE = [
    'advanced-frontend' => 'vl973ek4d90lbbihc352kbi7j4'
    '_csrf-frontend' => '4f1478cf7a96fead45bb5d281bb5c5d08801cafffd81d7354a50eee761074b9da:2:{i:0;s:14:\"_csrf-frontend\";i:1;s:32:\"o5dhmNax-_o52rsA8ymr4jSaA25Ia250\";}'
]

$_SESSION = [
    '__flash' => []
    '__captcha/site/captcha' => 'bsxxju'
    '__captcha/site/captchacount' => 1
]

$_SERVER = [
    'REDIRECT_REDIRECT_MIBDIRS' => 'C:/xampp/php/extras/mibs'
    'REDIRECT_REDIRECT_MYSQL_HOME' => '\\xampp\\mysql\\bin'
    'REDIRECT_REDIRECT_OPENSSL_CONF' => 'C:/xampp/apache/bin/openssl.cnf'
    'REDIRECT_REDIRECT_PHP_PEAR_SYSCONF_DIR' => '\\xampp\\php'
    'REDIRECT_REDIRECT_PHPRC' => '\\xampp\\php'
    'REDIRECT_REDIRECT_TMP' => '\\xampp\\tmp'
    'REDIRECT_REDIRECT_STATUS' => '200'
    'REDIRECT_MIBDIRS' => 'C:/xampp/php/extras/mibs'
    'REDIRECT_MYSQL_HOME' => '\\xampp\\mysql\\bin'
    'REDIRECT_OPENSSL_CONF' => 'C:/xampp/apache/bin/openssl.cnf'
    'REDIRECT_PHP_PEAR_SYSCONF_DIR' => '\\xampp\\php'
    'REDIRECT_PHPRC' => '\\xampp\\php'
    'REDIRECT_TMP' => '\\xampp\\tmp'
    'REDIRECT_STATUS' => '200'
    'MIBDIRS' => 'C:/xampp/php/extras/mibs'
    'MYSQL_HOME' => '\\xampp\\mysql\\bin'
    'OPENSSL_CONF' => 'C:/xampp/apache/bin/openssl.cnf'
    'PHP_PEAR_SYSCONF_DIR' => '\\xampp\\php'
    'PHPRC' => '\\xampp\\php'
    'TMP' => '\\xampp\\tmp'
    'HTTP_HOST' => 'delicious'
    'HTTP_CONNECTION' => 'keep-alive'
    'HTTP_CACHE_CONTROL' => 'max-age=0'
    'HTTP_UPGRADE_INSECURE_REQUESTS' => '1'
    'HTTP_USER_AGENT' => 'Mozilla/5.0 (Windows NT 6.1) AppleWebKit/537.36 (KHTML, like Gecko) Chrome/67.0.3396.87 Safari/537.36 OPR/54.0.2952.60'
    'HTTP_ACCEPT' => 'text/html,application/xhtml+xml,application/xml;q=0.9,image/webp,image/apng,*/*;q=0.8'
    'HTTP_ACCEPT_ENCODING' => 'gzip, deflate'
    'HTTP_ACCEPT_LANGUAGE' => 'ru-RU,ru;q=0.9,en-US;q=0.8,en;q=0.7'
    'HTTP_COOKIE' => 'advanced-frontend=vl973ek4d90lbbihc352kbi7j4; _csrf-frontend=4f1478cf7a96fead45bb5d281bb5c5d08801cafffd81d7354a50eee761074b9da%3A2%3A%7Bi%3A0%3Bs%3A14%3A%22_csrf-frontend%22%3Bi%3A1%3Bs%3A32%3A%22o5dhmNax-_o52rsA8ymr4jSaA25Ia250%22%3B%7D'
    'PATH' => 'C:\\Program Files\\Common Files\\Oracle\\Java\\javapath;C:\\Program Files\\Intel\\iCLS Client\\;C:\\Program Files\\NVIDIA Corporation\\PhysX\\Common;C:\\Windows\\system32;C:\\Windows;C:\\Windows\\System32\\Wbem;C:\\Windows\\System32\\WindowsPowerShell\\v1.0\\;C:\\Program Files\\Intel\\Intel(R) Management Engine Components\\DAL;C:\\Program Files\\Intel\\Intel(R) Management Engine Components\\IPT;C:\\Program Files\\Common Files\\Acronis\\SnapAPI\\;C:\\Program Files\\GtkSharp\\2.12\\bin;C:\\Program Files\\Samsung\\Samsung PC Studio 3\\;C:\\Program Files\\Skype\\Phone\\;C:\\Program Files\\QuickTime\\QTSystem\\;C:\\xampp\\php;C:\\ProgramData\\ComposerSetup\\bin;C:\\Program Files\\Git\\cmd;C:\\Users\\Anonimus\\AppData\\Roaming\\Composer\\vendor\\bin'
    'SystemRoot' => 'C:\\Windows'
    'COMSPEC' => 'C:\\Windows\\system32\\cmd.exe'
    'PATHEXT' => '.COM;.EXE;.BAT;.CMD;.VBS;.VBE;.JS;.JSE;.WSF;.WSH;.MSC'
    'WINDIR' => 'C:\\Windows'
    'SERVER_SIGNATURE' => '<address>Apache/2.4.33 (Win32) OpenSSL/1.1.0g PHP/7.2.4 Server at delicious Port 80</address>
'
    'SERVER_SOFTWARE' => 'Apache/2.4.33 (Win32) OpenSSL/1.1.0g PHP/7.2.4'
    'SERVER_NAME' => 'delicious'
    'SERVER_ADDR' => '127.0.0.1'
    'SERVER_PORT' => '80'
    'REMOTE_ADDR' => '127.0.0.1'
    'DOCUMENT_ROOT' => 'C:/xampp/htdocs/delicious'
    'REQUEST_SCHEME' => 'http'
    'CONTEXT_PREFIX' => ''
    'CONTEXT_DOCUMENT_ROOT' => 'C:/xampp/htdocs/delicious'
    'SERVER_ADMIN' => 'lazylex@mail.ru'
    'SCRIPT_FILENAME' => 'C:/xampp/htdocs/delicious/frontend/web/index.php'
    'REMOTE_PORT' => '28718'
    'REDIRECT_URL' => '/frontend/web/add'
    'GATEWAY_INTERFACE' => 'CGI/1.1'
    'SERVER_PROTOCOL' => 'HTTP/1.1'
    'REQUEST_METHOD' => 'GET'
    'QUERY_STRING' => ''
    'REQUEST_URI' => '/add'
    'SCRIPT_NAME' => '/frontend/web/index.php'
    'PHP_SELF' => '/frontend/web/index.php'
    'REQUEST_TIME_FLOAT' => 1532685956.263
    'REQUEST_TIME' => 1532685956
]
